c:\users\asus\documents\visual studio 2015\projects\consoleapplication10\consoleapplication10\debug\vc140.pdb
c:\users\asus\documents\visual studio 2015\projects\consoleapplication10\consoleapplication10\debug\vc140.idb
c:\users\asus\documents\visual studio 2015\projects\consoleapplication10\consoleapplication10\debug\bitvector.obj
c:\users\asus\documents\visual studio 2015\projects\consoleapplication10\consoleapplication10\debug\file.obj
c:\users\asus\documents\visual studio 2015\projects\consoleapplication10\consoleapplication10\debug\filecache.obj
c:\users\asus\documents\visual studio 2015\projects\consoleapplication10\consoleapplication10\debug\filehandle.obj
c:\users\asus\documents\visual studio 2015\projects\consoleapplication10\consoleapplication10\debug\filesystempartition.obj
c:\users\asus\documents\visual studio 2015\projects\consoleapplication10\consoleapplication10\debug\fs.obj
c:\users\asus\documents\visual studio 2015\projects\consoleapplication10\consoleapplication10\debug\index.obj
c:\users\asus\documents\visual studio 2015\projects\consoleapplication10\consoleapplication10\debug\kernelfile.obj
c:\users\asus\documents\visual studio 2015\projects\consoleapplication10\consoleapplication10\debug\kernelfs.obj
c:\users\asus\documents\visual studio 2015\projects\consoleapplication10\consoleapplication10\debug\lrucache.obj
c:\users\asus\documents\visual studio 2015\projects\consoleapplication10\consoleapplication10\debug\main.obj
c:\users\asus\documents\visual studio 2015\projects\consoleapplication10\consoleapplication10\debug\main2.obj
c:\users\asus\documents\visual studio 2015\projects\consoleapplication10\consoleapplication10\debug\monitor.obj
c:\users\asus\documents\visual studio 2015\projects\consoleapplication10\consoleapplication10\debug\nit1.obj
c:\users\asus\documents\visual studio 2015\projects\consoleapplication10\consoleapplication10\debug\nit2.obj
c:\users\asus\documents\visual studio 2015\projects\consoleapplication10\consoleapplication10\debug\nit3.obj
c:\users\asus\documents\visual studio 2015\projects\consoleapplication10\consoleapplication10\debug\rootcache.obj
c:\users\asus\documents\visual studio 2015\projects\consoleapplication10\debug\consoleapplication10.exe
c:\users\asus\documents\visual studio 2015\projects\consoleapplication10\debug\consoleapplication10.pdb
c:\users\asus\documents\visual studio 2015\projects\consoleapplication10\consoleapplication10\debug\consolea.6e5b5ad4.tlog\cl.command.1.tlog
c:\users\asus\documents\visual studio 2015\projects\consoleapplication10\consoleapplication10\debug\consolea.6e5b5ad4.tlog\cl.read.1.tlog
c:\users\asus\documents\visual studio 2015\projects\consoleapplication10\consoleapplication10\debug\consolea.6e5b5ad4.tlog\cl.write.1.tlog
c:\users\asus\documents\visual studio 2015\projects\consoleapplication10\consoleapplication10\debug\consolea.6e5b5ad4.tlog\link.command.1.tlog
c:\users\asus\documents\visual studio 2015\projects\consoleapplication10\consoleapplication10\debug\consolea.6e5b5ad4.tlog\link.read.1.tlog
c:\users\asus\documents\visual studio 2015\projects\consoleapplication10\consoleapplication10\debug\consolea.6e5b5ad4.tlog\link.write.1.tlog
